-- Found ament_cmake: 1.3.8 (/opt/ros/humble/share/ament_cmake/cmake)
-- Found rclcpp: 16.0.8 (/opt/ros/humble/share/rclcpp/cmake)
-- Found rosidl_generator_c: 3.1.5 (/opt/ros/humble/share/rosidl_generator_c/cmake)
-- Found rosidl_adapter: 3.1.5 (/opt/ros/humble/share/rosidl_adapter/cmake)
-- Found rosidl_generator_cpp: 3.1.5 (/opt/ros/humble/share/rosidl_generator_cpp/cmake)
-- Using all available rosidl_typesupport_c: rosidl_typesupport_fastrtps_c;rosidl_typesupport_introspection_c
-- Using all available rosidl_typesupport_cpp: rosidl_typesupport_fastrtps_cpp;rosidl_typesupport_introspection_cpp
-- Found rmw_implementation_cmake: 6.1.1 (/opt/ros/humble/share/rmw_implementation_cmake/cmake)
-- Found rmw_fastrtps_cpp: 6.2.6 (/opt/ros/humble/share/rmw_fastrtps_cpp/cmake)
-- Using RMW implementation 'rmw_fastrtps_cpp' as default
-- Found ament_lint_auto: 0.12.10 (/opt/ros/humble/share/ament_lint_auto/cmake)
-- Added test 'cppcheck' to perform static code analysis on C / C++ code
-- Configured cppcheck include dirs: 
-- Configured cppcheck exclude dirs and/or files: 
-- Added test 'lint_cmake' to check CMake code style
-- Added test 'uncrustify' to check C / C++ code style
-- Configured uncrustify additional arguments: 
-- Added test 'xmllint' to check XML markup files
-- Configuring done
-- Generating done
-- Build files have been written to: /home/david/bumperbot_ws/build/bumperbot_cpp_examples
[ 16%] [32mBuilding CXX object CMakeFiles/simple_parameter.dir/src/simple_parameter.cpp.o[0m
[35m[1mConsolidate compiler generated dependencies of target simple_publisher[0m
[35m[1mConsolidate compiler generated dependencies of target simple_subscriber[0m
[ 50%] Built target simple_publisher
[ 83%] Built target simple_subscriber
[01m[K/home/david/bumperbot_ws/src/bumperbot_cpp_examples/src/simple_parameter.cpp:24:26:[m[K [01;31m[Kerror: [m[Kâ€˜[01m[KSetParamatersResult[m[Kâ€™ in namespace â€˜[01m[Krcl_interfaces::msg[m[Kâ€™ does not name a type; did you mean â€˜[01m[KSetParametersResult[m[Kâ€™?
   24 |     rcl_interfaces::msg::[01;31m[KSetParamatersResult[m[K paramChangeCallback(const std::vector<rclcpp::Parameter> & parameters)
      |                          [01;31m[K^~~~~~~~~~~~~~~~~~~[m[K
      |                          [32m[KSetParametersResult[m[K
[01m[K/home/david/bumperbot_ws/src/bumperbot_cpp_examples/src/simple_parameter.cpp:[m[K In constructor â€˜[01m[KSimpleParameter::SimpleParameter()[m[Kâ€™:
[01m[K/home/david/bumperbot_ws/src/bumperbot_cpp_examples/src/simple_parameter.cpp:18:93:[m[K [01;31m[Kerror: [m[Kâ€˜[01m[KparamChangeCallback[m[Kâ€™ is not a member of â€˜[01m[KSimpleParameter[m[Kâ€™
   18 |         param_callback_handle_ =  add_on_set_parameter_callback(std::bind(&SimpleParameter::[01;31m[KparamChangeCallback[m[K, this, _1));
      |                                                                                             [01;31m[K^~~~~~~~~~~~~~~~~~~[m[K
[01m[K/home/david/bumperbot_ws/src/bumperbot_cpp_examples/src/simple_parameter.cpp:18:35:[m[K [01;31m[Kerror: [m[Kâ€˜[01m[Kadd_on_set_parameter_callback[m[Kâ€™ was not declared in this scope; did you mean â€˜[01m[Kadd_on_set_parameters_callback[m[Kâ€™?
   18 |         param_callback_handle_ =  [01;31m[Kadd_on_set_parameter_callback[m[K(std::bind(&SimpleParameter::paramChangeCallback, this, _1));
      |                                   [01;31m[K^~~~~~~~~~~~~~~~~~~~~~~~~~~~~[m[K
      |                                   [32m[Kadd_on_set_parameters_callback[m[K
gmake[2]: *** [CMakeFiles/simple_parameter.dir/build.make:76: CMakeFiles/simple_parameter.dir/src/simple_parameter.cpp.o] Error 1
gmake[1]: *** [CMakeFiles/Makefile2:193: CMakeFiles/simple_parameter.dir/all] Error 2
gmake: *** [Makefile:146: all] Error 2
