[0.281s] Invoking command in '/home/david/bumperbot_ws/build/bumperbot_cpp_examples': CMAKE_PREFIX_PATH=/opt/ros/humble /usr/bin/cmake --build /home/david/bumperbot_ws/build/bumperbot_cpp_examples -- -j4 -l4
[5.334s] -- Found ament_cmake: 1.3.8 (/opt/ros/humble/share/ament_cmake/cmake)
[6.147s] -- Found rclcpp: 16.0.8 (/opt/ros/humble/share/rclcpp/cmake)
[6.442s] -- Found rosidl_generator_c: 3.1.5 (/opt/ros/humble/share/rosidl_generator_c/cmake)
[6.457s] -- Found rosidl_adapter: 3.1.5 (/opt/ros/humble/share/rosidl_adapter/cmake)
[6.480s] -- Found rosidl_generator_cpp: 3.1.5 (/opt/ros/humble/share/rosidl_generator_cpp/cmake)
[6.546s] -- Using all available rosidl_typesupport_c: rosidl_typesupport_fastrtps_c;rosidl_typesupport_introspection_c
[6.594s] -- Using all available rosidl_typesupport_cpp: rosidl_typesupport_fastrtps_cpp;rosidl_typesupport_introspection_cpp
[6.781s] -- Found rmw_implementation_cmake: 6.1.1 (/opt/ros/humble/share/rmw_implementation_cmake/cmake)
[6.800s] -- Found rmw_fastrtps_cpp: 6.2.6 (/opt/ros/humble/share/rmw_fastrtps_cpp/cmake)
[7.213s] -- Using RMW implementation 'rmw_fastrtps_cpp' as default
[7.576s] -- Found ament_lint_auto: 0.12.10 (/opt/ros/humble/share/ament_lint_auto/cmake)
[7.765s] -- Added test 'cppcheck' to perform static code analysis on C / C++ code
[7.765s] -- Configured cppcheck include dirs: 
[7.766s] -- Configured cppcheck exclude dirs and/or files: 
[7.767s] -- Added test 'lint_cmake' to check CMake code style
[7.769s] -- Added test 'uncrustify' to check C / C++ code style
[7.769s] -- Configured uncrustify additional arguments: 
[7.770s] -- Added test 'xmllint' to check XML markup files
[7.772s] -- Configuring done
[7.888s] -- Generating done
[7.893s] -- Build files have been written to: /home/david/bumperbot_ws/build/bumperbot_cpp_examples
[7.943s] [ 16%] [32mBuilding CXX object CMakeFiles/simple_parameter.dir/src/simple_parameter.cpp.o[0m
[7.961s] [35m[1mConsolidate compiler generated dependencies of target simple_publisher[0m
[7.970s] [35m[1mConsolidate compiler generated dependencies of target simple_subscriber[0m
[8.009s] [ 50%] Built target simple_publisher
[8.016s] [ 83%] Built target simple_subscriber
[11.398s] [01m[K/home/david/bumperbot_ws/src/bumperbot_cpp_examples/src/simple_parameter.cpp:24:26:[m[K [01;31m[Kerror: [m[Kâ€˜[01m[KSetParamatersResult[m[Kâ€™ in namespace â€˜[01m[Krcl_interfaces::msg[m[Kâ€™ does not name a type; did you mean â€˜[01m[KSetParametersResult[m[Kâ€™?
[11.398s]    24 |     rcl_interfaces::msg::[01;31m[KSetParamatersResult[m[K paramChangeCallback(const std::vector<rclcpp::Parameter> & parameters)
[11.398s]       |                          [01;31m[K^~~~~~~~~~~~~~~~~~~[m[K
[11.398s]       |                          [32m[KSetParametersResult[m[K
[11.401s] [01m[K/home/david/bumperbot_ws/src/bumperbot_cpp_examples/src/simple_parameter.cpp:[m[K In constructor â€˜[01m[KSimpleParameter::SimpleParameter()[m[Kâ€™:
[11.401s] [01m[K/home/david/bumperbot_ws/src/bumperbot_cpp_examples/src/simple_parameter.cpp:18:93:[m[K [01;31m[Kerror: [m[Kâ€˜[01m[KparamChangeCallback[m[Kâ€™ is not a member of â€˜[01m[KSimpleParameter[m[Kâ€™
[11.401s]    18 |         param_callback_handle_ =  add_on_set_parameter_callback(std::bind(&SimpleParameter::[01;31m[KparamChangeCallback[m[K, this, _1));
[11.401s]       |                                                                                             [01;31m[K^~~~~~~~~~~~~~~~~~~[m[K
[11.442s] [01m[K/home/david/bumperbot_ws/src/bumperbot_cpp_examples/src/simple_parameter.cpp:18:35:[m[K [01;31m[Kerror: [m[Kâ€˜[01m[Kadd_on_set_parameter_callback[m[Kâ€™ was not declared in this scope; did you mean â€˜[01m[Kadd_on_set_parameters_callback[m[Kâ€™?
[11.442s]    18 |         param_callback_handle_ =  [01;31m[Kadd_on_set_parameter_callback[m[K(std::bind(&SimpleParameter::paramChangeCallback, this, _1));
[11.442s]       |                                   [01;31m[K^~~~~~~~~~~~~~~~~~~~~~~~~~~~~[m[K
[11.443s]       |                                   [32m[Kadd_on_set_parameters_callback[m[K
[12.047s] gmake[2]: *** [CMakeFiles/simple_parameter.dir/build.make:76: CMakeFiles/simple_parameter.dir/src/simple_parameter.cpp.o] Error 1
[12.047s] gmake[1]: *** [CMakeFiles/Makefile2:193: CMakeFiles/simple_parameter.dir/all] Error 2
[12.047s] gmake: *** [Makefile:146: all] Error 2
[12.050s] Invoked command in '/home/david/bumperbot_ws/build/bumperbot_cpp_examples' returned '2': CMAKE_PREFIX_PATH=/opt/ros/humble /usr/bin/cmake --build /home/david/bumperbot_ws/build/bumperbot_cpp_examples -- -j4 -l4
