[0.085s] Invoking command in '/media/david/Storage/David/Research/Github/ROS/ROS2/build/bumperbot_cpp_examples': CMAKE_PREFIX_PATH=${CMAKE_PREFIX_PATH}:/media/david/Storage/David/Research/Github/ROS/ROS2/install/bumperbot_py_examples:/opt/ros/humble /usr/bin/cmake --build /media/david/Storage/David/Research/Github/ROS/ROS2/build/bumperbot_cpp_examples -- -j4 -l4
[0.303s] [ 30%] Built target simple_publisher
[0.304s] [ 40%] Built target simple_subscriber
[0.319s] [ 60%] Built target simple_parameter
[0.344s] [ 80%] Built target simple_turtlesim_kinematics
[0.365s] [35m[1mConsolidate compiler generated dependencies of target simple_tf_kinematics[0m
[0.523s] [ 90%] [32mBuilding CXX object CMakeFiles/simple_tf_kinematics.dir/src/simple_tf_kinematics.cpp.o[0m
[4.786s] In file included from [01m[K/media/david/Storage/David/Research/Github/ROS/ROS2/src/bumperbot_cpp_examples/src/simple_tf_kinematics.cpp:1[m[K:
[4.786s] [01m[K/media/david/Storage/David/Research/Github/ROS/ROS2/src/bumperbot_cpp_examples/include/bumperbot_cpp_examples/simple_tf_kinematics.hpp:27:24:[m[K [01;31m[Kerror: [m[Kexpected â€˜[01m[K;[m[Kâ€™ at end of member declaration
[4.786s]    27 |     void timerCallback([01;31m[K)[m[K
[4.787s]       |                        [01;31m[K^[m[K
[4.787s]       |                         [32m[K;[m[K
[4.787s] [01m[K/media/david/Storage/David/Research/Github/ROS/ROS2/src/bumperbot_cpp_examples/src/simple_tf_kinematics.cpp:3:37:[m[K [01;31m[Kerror: [m[Kexpected â€˜[01m[K;[m[Kâ€™ before â€˜[01m[KSimpleTfKinematics[m[Kâ€™
[4.788s]     3 | using namespace std::chrono_literals
[4.788s]       |                                     [01;31m[K^[m[K
[4.788s]       |                                     [32m[K;[m[K
[4.789s]     4 | 
[4.789s]     5 | [32m[KSimpleTfKinematics[m[K::SimpleTfKinematics(const std::string &name)
[4.789s]       | [32m[K~~~~~~~~~~~~~~~~~~[m[K                   
[4.791s] [01m[K/media/david/Storage/David/Research/Github/ROS/ROS2/src/bumperbot_cpp_examples/src/simple_tf_kinematics.cpp:[m[K In constructor â€˜[01m[KSimpleTfKinematics::SimpleTfKinematics(const string&)[m[Kâ€™:
[4.791s] [01m[K/media/david/Storage/David/Research/Github/ROS/ROS2/src/bumperbot_cpp_examples/src/simple_tf_kinematics.cpp:12:84:[m[K [01;31m[Kerror: [m[Kno match for â€˜[01m[Koperator=[m[Kâ€™ (operand types are â€˜[01m[Kstd::unique_ptr<tf2_ros::TransformBroadcaster>[m[Kâ€™ and â€˜[01m[Kstd::shared_ptr<tf2_ros::TransformBroadcaster>[m[Kâ€™)
[4.792s]    12 | red<tf2_ros::TransformBroadcaster>(*this[01;31m[K)[m[K;
[4.792s]       |                                         [01;31m[K^[m[K
[4.792s] 
[4.792s] In file included from [01m[K/usr/include/c++/11/memory:76[m[K,
[4.793s]                  from [01m[K/opt/ros/humble/include/rclcpp/rclcpp/rclcpp.hpp:153[m[K,
[4.793s]                  from [01m[K/media/david/Storage/David/Research/Github/ROS/ROS2/src/bumperbot_cpp_examples/include/bumperbot_cpp_examples/simple_tf_kinematics.hpp:4[m[K,
[4.793s]                  from [01m[K/media/david/Storage/David/Research/Github/ROS/ROS2/src/bumperbot_cpp_examples/src/simple_tf_kinematics.cpp:1[m[K:
[4.794s] [01m[K/usr/include/c++/11/bits/unique_ptr.h:386:9:[m[K [01;36m[Knote: [m[Kcandidate: â€˜[01m[Ktemplate<class _Up, class _Ep> typename std::enable_if<std::__and_<std::__and_<std::is_convertible<typename std::unique_ptr<_Up, _Ep>::pointer, typename std::__uniq_ptr_impl<_Tp, _Dp>::pointer>, std::__not_<std::is_array<_Up> > >, std::is_assignable<_T2&, _U2&&> >::value, std::unique_ptr<_Tp, _Dp>&>::type std::unique_ptr<_Tp, _Dp>::operator=(std::unique_ptr<_Up, _Ep>&&) [with _Up = _Up; _Ep = _Ep; _Tp = tf2_ros::TransformBroadcaster; _Dp = std::default_delete<tf2_ros::TransformBroadcaster>][m[Kâ€™
[4.794s]   386 |         [01;36m[Koperator[m[K=(unique_ptr<_Up, _Ep>&& __u) noexcept
[4.794s]       |         [01;36m[K^~~~~~~~[m[K
[4.795s] [01m[K/usr/include/c++/11/bits/unique_ptr.h:386:9:[m[K [01;36m[Knote: [m[K  template argument deduction/substitution failed:
[4.795s] [01m[K/media/david/Storage/David/Research/Github/ROS/ROS2/src/bumperbot_cpp_examples/src/simple_tf_kinematics.cpp:12:84:[m[K [01;36m[Knote: [m[K  â€˜[01m[Kstd::shared_ptr<tf2_ros::TransformBroadcaster>[m[Kâ€™ is not derived from â€˜[01m[Kstd::unique_ptr<_Tp, _Dp>[m[Kâ€™
[4.796s]    12 | red<tf2_ros::TransformBroadcaster>(*this[01;36m[K)[m[K;
[4.796s]       |                                         [01;36m[K^[m[K
[4.796s] 
[4.796s] In file included from [01m[K/usr/include/c++/11/memory:76[m[K,
[4.797s]                  from [01m[K/opt/ros/humble/include/rclcpp/rclcpp/rclcpp.hpp:153[m[K,
[4.797s]                  from [01m[K/media/david/Storage/David/Research/Github/ROS/ROS2/src/bumperbot_cpp_examples/include/bumperbot_cpp_examples/simple_tf_kinematics.hpp:4[m[K,
[4.798s]                  from [01m[K/media/david/Storage/David/Research/Github/ROS/ROS2/src/bumperbot_cpp_examples/src/simple_tf_kinematics.cpp:1[m[K:
[4.798s] [01m[K/usr/include/c++/11/bits/unique_ptr.h:371:19:[m[K [01;36m[Knote: [m[Kcandidate: â€˜[01m[Kstd::unique_ptr<_Tp, _Dp>& std::unique_ptr<_Tp, _Dp>::operator=(std::unique_ptr<_Tp, _Dp>&&) [with _Tp = tf2_ros::TransformBroadcaster; _Dp = std::default_delete<tf2_ros::TransformBroadcaster>][m[Kâ€™
[4.798s]   371 |       unique_ptr& [01;36m[Koperator[m[K=(unique_ptr&&) = default;
[4.798s]       |                   [01;36m[K^~~~~~~~[m[K
[4.799s] [01m[K/usr/include/c++/11/bits/unique_ptr.h:371:29:[m[K [01;36m[Knote: [m[K  no known conversion for argument 1 from â€˜[01m[Kstd::shared_ptr<tf2_ros::TransformBroadcaster>[m[Kâ€™ to â€˜[01m[Kstd::unique_ptr<tf2_ros::TransformBroadcaster>&&[m[Kâ€™
[4.799s]   371 |       unique_ptr& operator=([01;36m[Kunique_ptr&&[m[K) = default;
[4.799s]       |                             [01;36m[K^~~~~~~~~~~~[m[K
[4.800s] [01m[K/usr/include/c++/11/bits/unique_ptr.h:395:7:[m[K [01;36m[Knote: [m[Kcandidate: â€˜[01m[Kstd::unique_ptr<_Tp, _Dp>& std::unique_ptr<_Tp, _Dp>::operator=(std::nullptr_t) [with _Tp = tf2_ros::TransformBroadcaster; _Dp = std::default_delete<tf2_ros::TransformBroadcaster>; std::nullptr_t = std::nullptr_t][m[Kâ€™
[4.800s]   395 |       [01;36m[Koperator[m[K=(nullptr_t) noexcept
[4.800s]       |       [01;36m[K^~~~~~~~[m[K
[4.801s] [01m[K/usr/include/c++/11/bits/unique_ptr.h:395:17:[m[K [01;36m[Knote: [m[K  no known conversion for argument 1 from â€˜[01m[Kstd::shared_ptr<tf2_ros::TransformBroadcaster>[m[Kâ€™ to â€˜[01m[Kstd::nullptr_t[m[Kâ€™
[4.801s]   395 |       operator=([01;36m[Knullptr_t[m[K) noexcept
[4.801s]       |                 [01;36m[K^~~~~~~~~[m[K
[5.891s] gmake[2]: *** [CMakeFiles/simple_tf_kinematics.dir/build.make:76: CMakeFiles/simple_tf_kinematics.dir/src/simple_tf_kinematics.cpp.o] Error 1
[5.894s] gmake[1]: *** [CMakeFiles/Makefile2:249: CMakeFiles/simple_tf_kinematics.dir/all] Error 2
[5.895s] gmake: *** [Makefile:146: all] Error 2
[5.896s] Invoked command in '/media/david/Storage/David/Research/Github/ROS/ROS2/build/bumperbot_cpp_examples' returned '2': CMAKE_PREFIX_PATH=${CMAKE_PREFIX_PATH}:/media/david/Storage/David/Research/Github/ROS/ROS2/install/bumperbot_py_examples:/opt/ros/humble /usr/bin/cmake --build /media/david/Storage/David/Research/Github/ROS/ROS2/build/bumperbot_cpp_examples -- -j4 -l4
