[0.046s] Invoking command in '/media/david/Storage/David/Research/Github/ROS/ROS2/build/bumperbot_cpp_examples': CMAKE_PREFIX_PATH=/opt/ros/humble /usr/bin/cmake --build /media/david/Storage/David/Research/Github/ROS/ROS2/build/bumperbot_cpp_examples -- -j4 -l4
[0.167s] [35m[1mConsolidate compiler generated dependencies of target simple_turtlesim_kinematics[0m
[0.179s] [ 25%] Built target simple_publisher
[0.181s] [ 50%] Built target simple_parameter
[0.192s] [ 75%] Built target simple_subscriber
[0.329s] [ 87%] [32mBuilding CXX object CMakeFiles/simple_turtlesim_kinematics.dir/src/simple_turtlesim_kinematics.cpp.o[0m
[3.737s] [01m[K/media/david/Storage/David/Research/Github/ROS/ROS2/src/bumperbot_cpp_examples/src/simple_turtlesim_kinematics.cpp:[m[K In constructor â€˜[01m[KSimpleTurtlesimKinematics::SimpleTurtlesimKinematics(const string&)[m[Kâ€™:
[3.737s] [01m[K/media/david/Storage/David/Research/Github/ROS/ROS2/src/bumperbot_cpp_examples/src/simple_turtlesim_kinematics.cpp:9:5:[m[K [01;31m[Kerror: [m[Kâ€˜[01m[Kturtle2_pose_sub[m[Kâ€™ was not declared in this scope; did you mean â€˜[01m[Kturtle2_pose_sub_[m[Kâ€™?
[3.737s]     9 |     [01;31m[Kturtle2_pose_sub[m[K = create_subscription<turtlesim::msg::Pose>("/turtle2/pose", 10,
[3.738s]       |     [01;31m[K^~~~~~~~~~~~~~~~[m[K
[3.739s]       |     [32m[Kturtle2_pose_sub_[m[K
[3.739s] [01m[K/media/david/Storage/David/Research/Github/ROS/ROS2/src/bumperbot_cpp_examples/src/simple_turtlesim_kinematics.cpp:[m[K In member function â€˜[01m[Kvoid SimpleTurtlesimKinematics::turtle2PoseCallback(const Pose&)[m[Kâ€™:
[3.740s] [01m[K/media/david/Storage/David/Research/Github/ROS/ROS2/src/bumperbot_cpp_examples/src/simple_turtlesim_kinematics.cpp:22:5:[m[K [01;31m[Kerror: [m[Kexpected â€˜[01m[K,[m[Kâ€™ or â€˜[01m[K;[m[Kâ€™ before â€˜[01m[Kfloat[m[Kâ€™
[3.740s]    22 |     [01;31m[Kfloat[m[K Ty = last_turtle2_pose_.y - last_turtle1_pose_.y
[3.740s]       |     [01;31m[K^~~~~[m[K
[3.741s] [01m[K/media/david/Storage/David/Research/Github/ROS/ROS2/src/bumperbot_cpp_examples/src/simple_turtlesim_kinematics.cpp:21:11:[m[K [01;35m[Kwarning: [m[Kunused variable â€˜[01m[KTx[m[Kâ€™ [[01;35m[K]8;;https://gcc.gnu.org/onlinedocs/gcc/Warning-Options.html#index-Wunused-variable-Wunused-variable]8;;[m[K]
[3.741s]    21 |     float [01;35m[KTx[m[K = last_turtle2_pose_.x - last_turtle1_pose_.x
[3.742s]       |           [01;35m[K^~[m[K
[3.743s] [01m[K/media/david/Storage/David/Research/Github/ROS/ROS2/src/bumperbot_cpp_examples/src/simple_turtlesim_kinematics.cpp:[m[K In function â€˜[01m[Kint main(int, char**)[m[Kâ€™:
[3.743s] [01m[K/media/david/Storage/David/Research/Github/ROS/ROS2/src/bumperbot_cpp_examples/src/simple_turtlesim_kinematics.cpp:32:60:[m[K [01;31m[Kerror: [m[Kinvalid types â€˜[01m[K<unresolved overloaded function type>[const char [28]][m[Kâ€™ for array subscript
[3.744s]    32 |     auto node = std::make_shared<SimpleTurtlesimKinematics>[01;31m[K[[m[K"simple_turtlesim_kinematics"];
[3.744s]       |                                                            [01;31m[K^[m[K
[6.622s] gmake[2]: *** [CMakeFiles/simple_turtlesim_kinematics.dir/build.make:76: CMakeFiles/simple_turtlesim_kinematics.dir/src/simple_turtlesim_kinematics.cpp.o] Error 1
[6.623s] gmake[1]: *** [CMakeFiles/Makefile2:221: CMakeFiles/simple_turtlesim_kinematics.dir/all] Error 2
[6.623s] gmake: *** [Makefile:146: all] Error 2
[6.626s] Invoked command in '/media/david/Storage/David/Research/Github/ROS/ROS2/build/bumperbot_cpp_examples' returned '2': CMAKE_PREFIX_PATH=/opt/ros/humble /usr/bin/cmake --build /media/david/Storage/David/Research/Github/ROS/ROS2/build/bumperbot_cpp_examples -- -j4 -l4
