[35m[1mConsolidate compiler generated dependencies of target simple_parameter[0m
[ 33%] Built target simple_publisher
[ 66%] [32mBuilding CXX object CMakeFiles/simple_parameter.dir/src/simple_parameter.cpp.o[0m
[ 83%] Built target simple_subscriber
[01m[K/home/david/bumperbot_ws/src/bumperbot_cpp_examples/src/simple_parameter.cpp:[m[K In constructor â€˜[01m[KSimpleParameter::SimpleParameter()[m[Kâ€™:
[01m[K/home/david/bumperbot_ws/src/bumperbot_cpp_examples/src/simple_parameter.cpp:18:35:[m[K [01;31m[Kerror: [m[Kâ€˜[01m[Kadd_on_set_parameter_callback[m[Kâ€™ was not declared in this scope; did you mean â€˜[01m[Kadd_on_set_parameters_callback[m[Kâ€™?
   18 |         param_callback_handle_ =  [01;31m[Kadd_on_set_parameter_callback[m[K(std::bind(&SimpleParameter::paramChangeCallback, this, _1));
      |                                   [01;31m[K^~~~~~~~~~~~~~~~~~~~~~~~~~~~~[m[K
      |                                   [32m[Kadd_on_set_parameters_callback[m[K
[01m[K/home/david/bumperbot_ws/src/bumperbot_cpp_examples/src/simple_parameter.cpp:[m[K In member function â€˜[01m[Krcl_interfaces::msg::SetParametersResult SimpleParameter::paramChangeCallback(const std::vector<rclcpp::Parameter>&)[m[Kâ€™:
[01m[K/home/david/bumperbot_ws/src/bumperbot_cpp_examples/src/simple_parameter.cpp:30:78:[m[K [01;31m[Kerror: [m[Kâ€˜[01m[Krclpp[m[Kâ€™ has not been declared
   30 |             if(param.get_name() == "simple_int_param" && param.get_type() == [01;31m[Krclpp[m[K::ParameterType::PARAMETER_INTEGER)
      |                                                                              [01;31m[K^~~~~[m[K
[01m[K/home/david/bumperbot_ws/src/bumperbot_cpp_examples/src/simple_parameter.cpp:36:81:[m[K [01;31m[Kerror: [m[Kâ€˜[01m[Krclpp[m[Kâ€™ has not been declared
   36 |             if(param.get_name() == "simple_string_param" && param.get_type() == [01;31m[Krclpp[m[K::ParameterType::PARAMETER_STRING)
      |                                                                                 [01;31m[K^~~~~[m[K
gmake[2]: *** [CMakeFiles/simple_parameter.dir/build.make:76: CMakeFiles/simple_parameter.dir/src/simple_parameter.cpp.o] Error 1
gmake[1]: *** [CMakeFiles/Makefile2:193: CMakeFiles/simple_parameter.dir/all] Error 2
gmake: *** [Makefile:146: all] Error 2
