-- Found ament_cmake: 1.3.8 (/opt/ros/humble/share/ament_cmake/cmake)
-- Found rclcpp: 16.0.8 (/opt/ros/humble/share/rclcpp/cmake)
-- Found rosidl_generator_c: 3.1.5 (/opt/ros/humble/share/rosidl_generator_c/cmake)
-- Found rosidl_adapter: 3.1.5 (/opt/ros/humble/share/rosidl_adapter/cmake)
-- Found rosidl_generator_cpp: 3.1.5 (/opt/ros/humble/share/rosidl_generator_cpp/cmake)
-- Using all available rosidl_typesupport_c: rosidl_typesupport_fastrtps_c;rosidl_typesupport_introspection_c
-- Using all available rosidl_typesupport_cpp: rosidl_typesupport_fastrtps_cpp;rosidl_typesupport_introspection_cpp
-- Found rmw_implementation_cmake: 6.1.1 (/opt/ros/humble/share/rmw_implementation_cmake/cmake)
-- Found rmw_fastrtps_cpp: 6.2.6 (/opt/ros/humble/share/rmw_fastrtps_cpp/cmake)
-- Using RMW implementation 'rmw_fastrtps_cpp' as default
-- Found turtlesim: 1.4.2 (/opt/ros/humble/share/turtlesim/cmake)
-- Configuring done
-- Generating done
-- Build files have been written to: /media/david/Storage/David/Research/Github/ROS/ROS2/build/bumperbot_cpp_examples
[35m[1mConsolidate compiler generated dependencies of target simple_publisher[0m
[35m[1mConsolidate compiler generated dependencies of target simple_subscriber[0m
[35m[1mConsolidate compiler generated dependencies of target simple_parameter[0m
[ 12%] [32mBuilding CXX object CMakeFiles/simple_turtlesim_kinematics.dir/src/simple_turtlesim_kinematics.cpp.o[0m
[ 25%] [32mBuilding CXX object CMakeFiles/simple_subscriber.dir/src/simple_subscriber.cpp.o[0m
[ 37%] [32mBuilding CXX object CMakeFiles/simple_parameter.dir/src/simple_parameter.cpp.o[0m
[ 50%] [32mBuilding CXX object CMakeFiles/simple_publisher.dir/src/simple_publisher.cpp.o[0m
[01m[K/media/david/Storage/David/Research/Github/ROS/ROS2/src/bumperbot_cpp_examples/src/simple_turtlesim_kinematics.cpp:[m[K In constructor â€˜[01m[KSimpleTurtlesimKinematics::SimpleTurtlesimKinematics(const string&)[m[Kâ€™:
[01m[K/media/david/Storage/David/Research/Github/ROS/ROS2/src/bumperbot_cpp_examples/src/simple_turtlesim_kinematics.cpp:7:5:[m[K [01;31m[Kerror: [m[Kâ€˜[01m[Kturtle1_pose_sub[m[Kâ€™ was not declared in this scope; did you mean â€˜[01m[Kturtle1_pose_sub_[m[Kâ€™?
    7 |     [01;31m[Kturtle1_pose_sub[m[K = create_subscription<turtlesim::msg::Pose>("/turtle1/pose", 10,
      |     [01;31m[K^~~~~~~~~~~~~~~~[m[K
      |     [32m[Kturtle1_pose_sub_[m[K
[01m[K/media/david/Storage/David/Research/Github/ROS/ROS2/src/bumperbot_cpp_examples/src/simple_turtlesim_kinematics.cpp:8:66:[m[K [01;31m[Kerror: [m[Kexpected â€˜[01m[K)[m[Kâ€™ before â€˜[01m[K;[m[Kâ€™ token
    8 |         std::bind[34m[K([m[K&SimpleTurtlesimKinematics::turtle1PoseCallback[01;31m[K;[m[K, this, _1));
      |                  [34m[K~[m[K                                               [01;31m[K^[m[K
      |                                                                  [32m[K)[m[K
[01m[K/media/david/Storage/David/Research/Github/ROS/ROS2/src/bumperbot_cpp_examples/src/simple_turtlesim_kinematics.cpp:8:67:[m[K [01;31m[Kerror: [m[Kexpected primary-expression before â€˜[01m[K,[m[Kâ€™ token
    8 |         std::bind(&SimpleTurtlesimKinematics::turtle1PoseCallback;[01;31m[K,[m[K this, _1));
      |                                                                   [01;31m[K^[m[K
[01m[K/media/david/Storage/David/Research/Github/ROS/ROS2/src/bumperbot_cpp_examples/src/simple_turtlesim_kinematics.cpp:9:5:[m[K [01;31m[Kerror: [m[Kâ€˜[01m[Kturtle2_pose_sub[m[Kâ€™ was not declared in this scope; did you mean â€˜[01m[Kturtle2_pose_sub_[m[Kâ€™?
    9 |     [01;31m[Kturtle2_pose_sub[m[K = create_subscription<turtlesim::msg::Pose>("/turtle2/pose", 10,
      |     [01;31m[K^~~~~~~~~~~~~~~~[m[K
      |     [32m[Kturtle2_pose_sub_[m[K
[01m[K/media/david/Storage/David/Research/Github/ROS/ROS2/src/bumperbot_cpp_examples/src/simple_turtlesim_kinematics.cpp:10:66:[m[K [01;31m[Kerror: [m[Kexpected â€˜[01m[K)[m[Kâ€™ before â€˜[01m[K;[m[Kâ€™ token
   10 |         std::bind[34m[K([m[K&SimpleTurtlesimKinematics::turtle2PoseCallback[01;31m[K;[m[K, this, _1));
      |                  [34m[K~[m[K                                               [01;31m[K^[m[K
      |                                                                  [32m[K)[m[K
[01m[K/media/david/Storage/David/Research/Github/ROS/ROS2/src/bumperbot_cpp_examples/src/simple_turtlesim_kinematics.cpp:10:67:[m[K [01;31m[Kerror: [m[Kexpected primary-expression before â€˜[01m[K,[m[Kâ€™ token
   10 |         std::bind(&SimpleTurtlesimKinematics::turtle2PoseCallback;[01;31m[K,[m[K this, _1));
      |                                                                   [01;31m[K^[m[K
[01m[K/media/david/Storage/David/Research/Github/ROS/ROS2/src/bumperbot_cpp_examples/src/simple_turtlesim_kinematics.cpp:[m[K In member function â€˜[01m[Kvoid SimpleTurtlesimKinematics::turtle2PoseCallback(const Pose&)[m[Kâ€™:
[01m[K/media/david/Storage/David/Research/Github/ROS/ROS2/src/bumperbot_cpp_examples/src/simple_turtlesim_kinematics.cpp:22:5:[m[K [01;31m[Kerror: [m[Kexpected â€˜[01m[K,[m[Kâ€™ or â€˜[01m[K;[m[Kâ€™ before â€˜[01m[Kfloat[m[Kâ€™
   22 |     [01;31m[Kfloat[m[K Ty = last_turtle2_pose_.y - last_turtle1_pose_.y
      |     [01;31m[K^~~~~[m[K
[01m[K/media/david/Storage/David/Research/Github/ROS/ROS2/src/bumperbot_cpp_examples/src/simple_turtlesim_kinematics.cpp:21:11:[m[K [01;35m[Kwarning: [m[Kunused variable â€˜[01m[KTx[m[Kâ€™ [[01;35m[K]8;;https://gcc.gnu.org/onlinedocs/gcc/Warning-Options.html#index-Wunused-variable-Wunused-variable]8;;[m[K]
   21 |     float [01;35m[KTx[m[K = last_turtle2_pose_.x - last_turtle1_pose_.x
      |           [01;35m[K^~[m[K
[01m[K/media/david/Storage/David/Research/Github/ROS/ROS2/src/bumperbot_cpp_examples/src/simple_turtlesim_kinematics.cpp:[m[K In function â€˜[01m[Kint main(int, char**)[m[Kâ€™:
[01m[K/media/david/Storage/David/Research/Github/ROS/ROS2/src/bumperbot_cpp_examples/src/simple_turtlesim_kinematics.cpp:32:60:[m[K [01;31m[Kerror: [m[Kinvalid types â€˜[01m[K<unresolved overloaded function type>[const char [28]][m[Kâ€™ for array subscript
   32 |     auto node = std::make_shared<SimpleTurtlesimKinematics>[01;31m[K[[m[K"simple_turtlesim_kinematics"];
      |                                                            [01;31m[K^[m[K
gmake[2]: *** [CMakeFiles/simple_turtlesim_kinematics.dir/build.make:76: CMakeFiles/simple_turtlesim_kinematics.dir/src/simple_turtlesim_kinematics.cpp.o] Error 1
gmake[1]: *** [CMakeFiles/Makefile2:221: CMakeFiles/simple_turtlesim_kinematics.dir/all] Error 2
gmake[1]: *** Waiting for unfinished jobs....
[ 62%] [32m[1mLinking CXX executable simple_parameter[0m
[ 62%] Built target simple_parameter
[ 75%] [32m[1mLinking CXX executable simple_publisher[0m
[ 75%] Built target simple_publisher
[ 87%] [32m[1mLinking CXX executable simple_subscriber[0m
[ 87%] Built target simple_subscriber
gmake: *** [Makefile:146: all] Error 2
