[0.041s] Invoking command in '/media/david/Storage/David/Research/Github/ROS/ROS2/build/bumperbot_cpp_examples': CMAKE_PREFIX_PATH=/opt/ros/humble /usr/bin/cmake --build /media/david/Storage/David/Research/Github/ROS/ROS2/build/bumperbot_cpp_examples -- -j4 -l4
[0.090s] -- Found ament_cmake: 1.3.8 (/opt/ros/humble/share/ament_cmake/cmake)
[0.296s] -- Found rclcpp: 16.0.8 (/opt/ros/humble/share/rclcpp/cmake)
[0.336s] -- Found rosidl_generator_c: 3.1.5 (/opt/ros/humble/share/rosidl_generator_c/cmake)
[0.339s] -- Found rosidl_adapter: 3.1.5 (/opt/ros/humble/share/rosidl_adapter/cmake)
[0.347s] -- Found rosidl_generator_cpp: 3.1.5 (/opt/ros/humble/share/rosidl_generator_cpp/cmake)
[0.364s] -- Using all available rosidl_typesupport_c: rosidl_typesupport_fastrtps_c;rosidl_typesupport_introspection_c
[0.383s] -- Using all available rosidl_typesupport_cpp: rosidl_typesupport_fastrtps_cpp;rosidl_typesupport_introspection_cpp
[0.458s] -- Found rmw_implementation_cmake: 6.1.1 (/opt/ros/humble/share/rmw_implementation_cmake/cmake)
[0.460s] -- Found rmw_fastrtps_cpp: 6.2.6 (/opt/ros/humble/share/rmw_fastrtps_cpp/cmake)
[0.724s] -- Using RMW implementation 'rmw_fastrtps_cpp' as default
[1.058s] -- Found turtlesim: 1.4.2 (/opt/ros/humble/share/turtlesim/cmake)
[1.467s] -- Configuring done
[1.566s] -- Generating done
[1.589s] -- Build files have been written to: /media/david/Storage/David/Research/Github/ROS/ROS2/build/bumperbot_cpp_examples
[1.636s] [35m[1mConsolidate compiler generated dependencies of target simple_publisher[0m
[1.646s] [35m[1mConsolidate compiler generated dependencies of target simple_subscriber[0m
[1.662s] [35m[1mConsolidate compiler generated dependencies of target simple_parameter[0m
[1.682s] [ 12%] [32mBuilding CXX object CMakeFiles/simple_turtlesim_kinematics.dir/src/simple_turtlesim_kinematics.cpp.o[0m
[1.888s] [ 25%] [32mBuilding CXX object CMakeFiles/simple_subscriber.dir/src/simple_subscriber.cpp.o[0m
[1.991s] [ 37%] [32mBuilding CXX object CMakeFiles/simple_parameter.dir/src/simple_parameter.cpp.o[0m
[2.017s] [ 50%] [32mBuilding CXX object CMakeFiles/simple_publisher.dir/src/simple_publisher.cpp.o[0m
[6.941s] [01m[K/media/david/Storage/David/Research/Github/ROS/ROS2/src/bumperbot_cpp_examples/src/simple_turtlesim_kinematics.cpp:[m[K In constructor â€˜[01m[KSimpleTurtlesimKinematics::SimpleTurtlesimKinematics(const string&)[m[Kâ€™:
[6.942s] [01m[K/media/david/Storage/David/Research/Github/ROS/ROS2/src/bumperbot_cpp_examples/src/simple_turtlesim_kinematics.cpp:7:5:[m[K [01;31m[Kerror: [m[Kâ€˜[01m[Kturtle1_pose_sub[m[Kâ€™ was not declared in this scope; did you mean â€˜[01m[Kturtle1_pose_sub_[m[Kâ€™?
[6.942s]     7 |     [01;31m[Kturtle1_pose_sub[m[K = create_subscription<turtlesim::msg::Pose>("/turtle1/pose", 10,
[6.943s]       |     [01;31m[K^~~~~~~~~~~~~~~~[m[K
[6.943s]       |     [32m[Kturtle1_pose_sub_[m[K
[6.943s] [01m[K/media/david/Storage/David/Research/Github/ROS/ROS2/src/bumperbot_cpp_examples/src/simple_turtlesim_kinematics.cpp:8:66:[m[K [01;31m[Kerror: [m[Kexpected â€˜[01m[K)[m[Kâ€™ before â€˜[01m[K;[m[Kâ€™ token
[6.943s]     8 |         std::bind[34m[K([m[K&SimpleTurtlesimKinematics::turtle1PoseCallback[01;31m[K;[m[K, this, _1));
[6.944s]       |                  [34m[K~[m[K                                               [01;31m[K^[m[K
[6.944s]       |                                                                  [32m[K)[m[K
[6.945s] [01m[K/media/david/Storage/David/Research/Github/ROS/ROS2/src/bumperbot_cpp_examples/src/simple_turtlesim_kinematics.cpp:8:67:[m[K [01;31m[Kerror: [m[Kexpected primary-expression before â€˜[01m[K,[m[Kâ€™ token
[6.945s]     8 |         std::bind(&SimpleTurtlesimKinematics::turtle1PoseCallback;[01;31m[K,[m[K this, _1));
[6.945s]       |                                                                   [01;31m[K^[m[K
[6.958s] [01m[K/media/david/Storage/David/Research/Github/ROS/ROS2/src/bumperbot_cpp_examples/src/simple_turtlesim_kinematics.cpp:9:5:[m[K [01;31m[Kerror: [m[Kâ€˜[01m[Kturtle2_pose_sub[m[Kâ€™ was not declared in this scope; did you mean â€˜[01m[Kturtle2_pose_sub_[m[Kâ€™?
[6.958s]     9 |     [01;31m[Kturtle2_pose_sub[m[K = create_subscription<turtlesim::msg::Pose>("/turtle2/pose", 10,
[6.959s]       |     [01;31m[K^~~~~~~~~~~~~~~~[m[K
[6.959s]       |     [32m[Kturtle2_pose_sub_[m[K
[6.959s] [01m[K/media/david/Storage/David/Research/Github/ROS/ROS2/src/bumperbot_cpp_examples/src/simple_turtlesim_kinematics.cpp:10:66:[m[K [01;31m[Kerror: [m[Kexpected â€˜[01m[K)[m[Kâ€™ before â€˜[01m[K;[m[Kâ€™ token
[6.960s]    10 |         std::bind[34m[K([m[K&SimpleTurtlesimKinematics::turtle2PoseCallback[01;31m[K;[m[K, this, _1));
[6.960s]       |                  [34m[K~[m[K                                               [01;31m[K^[m[K
[6.961s]       |                                                                  [32m[K)[m[K
[6.961s] [01m[K/media/david/Storage/David/Research/Github/ROS/ROS2/src/bumperbot_cpp_examples/src/simple_turtlesim_kinematics.cpp:10:67:[m[K [01;31m[Kerror: [m[Kexpected primary-expression before â€˜[01m[K,[m[Kâ€™ token
[6.961s]    10 |         std::bind(&SimpleTurtlesimKinematics::turtle2PoseCallback;[01;31m[K,[m[K this, _1));
[6.962s]       |                                                                   [01;31m[K^[m[K
[6.962s] [01m[K/media/david/Storage/David/Research/Github/ROS/ROS2/src/bumperbot_cpp_examples/src/simple_turtlesim_kinematics.cpp:[m[K In member function â€˜[01m[Kvoid SimpleTurtlesimKinematics::turtle2PoseCallback(const Pose&)[m[Kâ€™:
[6.962s] [01m[K/media/david/Storage/David/Research/Github/ROS/ROS2/src/bumperbot_cpp_examples/src/simple_turtlesim_kinematics.cpp:22:5:[m[K [01;31m[Kerror: [m[Kexpected â€˜[01m[K,[m[Kâ€™ or â€˜[01m[K;[m[Kâ€™ before â€˜[01m[Kfloat[m[Kâ€™
[6.962s]    22 |     [01;31m[Kfloat[m[K Ty = last_turtle2_pose_.y - last_turtle1_pose_.y
[6.963s]       |     [01;31m[K^~~~~[m[K
[6.988s] [01m[K/media/david/Storage/David/Research/Github/ROS/ROS2/src/bumperbot_cpp_examples/src/simple_turtlesim_kinematics.cpp:21:11:[m[K [01;35m[Kwarning: [m[Kunused variable â€˜[01m[KTx[m[Kâ€™ [[01;35m[K]8;;https://gcc.gnu.org/onlinedocs/gcc/Warning-Options.html#index-Wunused-variable-Wunused-variable]8;;[m[K]
[6.988s]    21 |     float [01;35m[KTx[m[K = last_turtle2_pose_.x - last_turtle1_pose_.x
[6.989s]       |           [01;35m[K^~[m[K
[6.989s] [01m[K/media/david/Storage/David/Research/Github/ROS/ROS2/src/bumperbot_cpp_examples/src/simple_turtlesim_kinematics.cpp:[m[K In function â€˜[01m[Kint main(int, char**)[m[Kâ€™:
[6.989s] [01m[K/media/david/Storage/David/Research/Github/ROS/ROS2/src/bumperbot_cpp_examples/src/simple_turtlesim_kinematics.cpp:32:60:[m[K [01;31m[Kerror: [m[Kinvalid types â€˜[01m[K<unresolved overloaded function type>[const char [28]][m[Kâ€™ for array subscript
[6.990s]    32 |     auto node = std::make_shared<SimpleTurtlesimKinematics>[01;31m[K[[m[K"simple_turtlesim_kinematics"];
[6.990s]       |                                                            [01;31m[K^[m[K
[7.769s] gmake[2]: *** [CMakeFiles/simple_turtlesim_kinematics.dir/build.make:76: CMakeFiles/simple_turtlesim_kinematics.dir/src/simple_turtlesim_kinematics.cpp.o] Error 1
[7.771s] gmake[1]: *** [CMakeFiles/Makefile2:221: CMakeFiles/simple_turtlesim_kinematics.dir/all] Error 2
[7.771s] gmake[1]: *** Waiting for unfinished jobs....
[8.136s] [ 62%] [32m[1mLinking CXX executable simple_parameter[0m
[8.437s] [ 62%] Built target simple_parameter
[10.014s] [ 75%] [32m[1mLinking CXX executable simple_publisher[0m
[10.364s] [ 75%] Built target simple_publisher
[14.366s] [ 87%] [32m[1mLinking CXX executable simple_subscriber[0m
[15.123s] [ 87%] Built target simple_subscriber
[15.125s] gmake: *** [Makefile:146: all] Error 2
[15.127s] Invoked command in '/media/david/Storage/David/Research/Github/ROS/ROS2/build/bumperbot_cpp_examples' returned '2': CMAKE_PREFIX_PATH=/opt/ros/humble /usr/bin/cmake --build /media/david/Storage/David/Research/Github/ROS/ROS2/build/bumperbot_cpp_examples -- -j4 -l4
