[01m[K/home/david/bumperbot_ws/src/bumperbot_cpp_examples/src/simple_parameter.cpp:24:26:[m[K [01;31m[Kerror: [m[Kâ€˜[01m[KSetParamatersResult[m[Kâ€™ in namespace â€˜[01m[Krcl_interfaces::msg[m[Kâ€™ does not name a type; did you mean â€˜[01m[KSetParametersResult[m[Kâ€™?
   24 |     rcl_interfaces::msg::[01;31m[KSetParamatersResult[m[K paramChangeCallback(const std::vector<rclcpp::Parameter> & parameters)
      |                          [01;31m[K^~~~~~~~~~~~~~~~~~~[m[K
      |                          [32m[KSetParametersResult[m[K
[01m[K/home/david/bumperbot_ws/src/bumperbot_cpp_examples/src/simple_parameter.cpp:[m[K In constructor â€˜[01m[KSimpleParameter::SimpleParameter()[m[Kâ€™:
[01m[K/home/david/bumperbot_ws/src/bumperbot_cpp_examples/src/simple_parameter.cpp:18:93:[m[K [01;31m[Kerror: [m[Kâ€˜[01m[KparamChangeCallback[m[Kâ€™ is not a member of â€˜[01m[KSimpleParameter[m[Kâ€™
   18 |         param_callback_handle_ =  add_on_set_parameter_callback(std::bind(&SimpleParameter::[01;31m[KparamChangeCallback[m[K, this, _1));
      |                                                                                             [01;31m[K^~~~~~~~~~~~~~~~~~~[m[K
[01m[K/home/david/bumperbot_ws/src/bumperbot_cpp_examples/src/simple_parameter.cpp:18:35:[m[K [01;31m[Kerror: [m[Kâ€˜[01m[Kadd_on_set_parameter_callback[m[Kâ€™ was not declared in this scope; did you mean â€˜[01m[Kadd_on_set_parameters_callback[m[Kâ€™?
   18 |         param_callback_handle_ =  [01;31m[Kadd_on_set_parameter_callback[m[K(std::bind(&SimpleParameter::paramChangeCallback, this, _1));
      |                                   [01;31m[K^~~~~~~~~~~~~~~~~~~~~~~~~~~~~[m[K
      |                                   [32m[Kadd_on_set_parameters_callback[m[K
gmake[2]: *** [CMakeFiles/simple_parameter.dir/build.make:76: CMakeFiles/simple_parameter.dir/src/simple_parameter.cpp.o] Error 1
gmake[1]: *** [CMakeFiles/Makefile2:193: CMakeFiles/simple_parameter.dir/all] Error 2
gmake: *** [Makefile:146: all] Error 2
