[35m[1mConsolidate compiler generated dependencies of target simple_turtlesim_kinematics[0m
[ 25%] Built target simple_publisher
[ 50%] Built target simple_parameter
[ 75%] Built target simple_subscriber
[ 87%] [32mBuilding CXX object CMakeFiles/simple_turtlesim_kinematics.dir/src/simple_turtlesim_kinematics.cpp.o[0m
[01m[K/media/david/Storage/David/Research/Github/ROS/ROS2/src/bumperbot_cpp_examples/src/simple_turtlesim_kinematics.cpp:[m[K In member function â€˜[01m[Kvoid SimpleTurtlesimKinematics::turtle2PoseCallback(const Pose&)[m[Kâ€™:
[01m[K/media/david/Storage/David/Research/Github/ROS/ROS2/src/bumperbot_cpp_examples/src/simple_turtlesim_kinematics.cpp:22:5:[m[K [01;31m[Kerror: [m[Kexpected â€˜[01m[K,[m[Kâ€™ or â€˜[01m[K;[m[Kâ€™ before â€˜[01m[Kfloat[m[Kâ€™
   22 |     [01;31m[Kfloat[m[K Ty = last_turtle2_pose_.y - last_turtle1_pose_.y
      |     [01;31m[K^~~~~[m[K
[01m[K/media/david/Storage/David/Research/Github/ROS/ROS2/src/bumperbot_cpp_examples/src/simple_turtlesim_kinematics.cpp:21:11:[m[K [01;35m[Kwarning: [m[Kunused variable â€˜[01m[KTx[m[Kâ€™ [[01;35m[K]8;;https://gcc.gnu.org/onlinedocs/gcc/Warning-Options.html#index-Wunused-variable-Wunused-variable]8;;[m[K]
   21 |     float [01;35m[KTx[m[K = last_turtle2_pose_.x - last_turtle1_pose_.x
      |           [01;35m[K^~[m[K
[01m[K/media/david/Storage/David/Research/Github/ROS/ROS2/src/bumperbot_cpp_examples/src/simple_turtlesim_kinematics.cpp:[m[K In function â€˜[01m[Kint main(int, char**)[m[Kâ€™:
[01m[K/media/david/Storage/David/Research/Github/ROS/ROS2/src/bumperbot_cpp_examples/src/simple_turtlesim_kinematics.cpp:32:60:[m[K [01;31m[Kerror: [m[Kinvalid types â€˜[01m[K<unresolved overloaded function type>[const char [28]][m[Kâ€™ for array subscript
   32 |     auto node = std::make_shared<SimpleTurtlesimKinematics>[01;31m[K[[m[K"simple_turtlesim_kinematics"];
      |                                                            [01;31m[K^[m[K
gmake[2]: *** [CMakeFiles/simple_turtlesim_kinematics.dir/build.make:76: CMakeFiles/simple_turtlesim_kinematics.dir/src/simple_turtlesim_kinematics.cpp.o] Error 1
gmake[1]: *** [CMakeFiles/Makefile2:221: CMakeFiles/simple_turtlesim_kinematics.dir/all] Error 2
gmake: *** [Makefile:146: all] Error 2
