[ 20%] Built target simple_parameter
[ 40%] Built target simple_publisher
[ 60%] Built target simple_turtlesim_kinematics
[ 80%] Built target simple_subscriber
[35m[1mConsolidate compiler generated dependencies of target simple_tf_kinematics[0m
[ 90%] [32mBuilding CXX object CMakeFiles/simple_tf_kinematics.dir/src/simple_tf_kinematics.cpp.o[0m
[01m[K/media/david/Storage/David/Research/Github/ROS/ROS2/src/bumperbot_cpp_examples/src/simple_tf_kinematics.cpp:[m[K In constructor â€˜[01m[KSimpleTfKinematics::SimpleTfKinematics(const string&)[m[Kâ€™:
[01m[K/media/david/Storage/David/Research/Github/ROS/ROS2/src/bumperbot_cpp_examples/src/simple_tf_kinematics.cpp:24:1:[m[K [01;31m[Kerror: [m[Kexpected â€˜[01m[K;[m[Kâ€™ before â€˜[01m[K}[m[Kâ€™ token
   24 | [01;31m[K}[m[K
      | [01;31m[K^[m[K
gmake[2]: *** [CMakeFiles/simple_tf_kinematics.dir/build.make:76: CMakeFiles/simple_tf_kinematics.dir/src/simple_tf_kinematics.cpp.o] Error 1
gmake[1]: *** [CMakeFiles/Makefile2:249: CMakeFiles/simple_tf_kinematics.dir/all] Error 2
gmake: *** [Makefile:146: all] Error 2
